[35m[Appium][39m Welcome to Appium v1.22.3
[35m[Appium][39m Non-default server args:
[35m[Appium][39m   port: 51821
[35m[Appium][39m   loglevel: info
[35m[Appium][39m   tmpDir: C:\Users\warda\AppData\Local\Temp\\Katalon\Appium\Temp1679063285463
[35m[Appium][39m   chromedriverPort: 51822
[35m[Appium][39m Deprecated server args:
[35m[Appium][39m   [31m--chromedriver-port[39m => --default-capabilities
[35m[Appium][39m Default capabilities, which will be added to each request unless overridden by desired capabilities:
[35m[Appium][39m   chromedriverPort: 51822
[35m[Appium][39m Appium REST http interface listener started on 0.0.0.0:51821
[35m[HTTP][39m [37m-->[39m [37mGET[39m [37m/wd/hub/status[39m
[35m[HTTP][39m [90m{}[39m
[35m[HTTP][39m [37m<-- GET /wd/hub/status [39m[32m200[39m [90m4 ms - 68[39m
[35m[HTTP][39m [90m[39m
[35m[HTTP][39m [37m-->[39m [37mGET[39m [37m/wd/hub/status[39m
[35m[HTTP][39m [90m{}[39m
[35m[HTTP][39m [37m<-- GET /wd/hub/status [39m[32m200[39m [90m1 ms - 68[39m
[35m[HTTP][39m [90m[39m
[35m[HTTP][39m [37m-->[39m [37mPOST[39m [37m/wd/hub/session[39m
[35m[HTTP][39m [90m{"desiredCapabilities":{"app":"C:\\Users\\warda\\Katalon Studio\\EduApp\\mobileapp\\Calculator.apk","noReset":true,"deviceName":"emulator-5554 (sdk_gphone64_x86_64 - Android 13)","fullReset":false,"platform":"ANDROID","newCommandTimeout":1800,"platformVersion":"13","automationName":"uiautomator2","autoGrantPermissions":true,"platformName":"Android","udid":"emulator-5554","systemPort":51831},"capabilities":{"firstMatch":[{"appium:app":"C:\\Users\\warda\\Katalon Studio\\EduApp\\mobileapp\\Calculator.apk","appium:autoGrantPermissions":true,"appium:automationName":"uiautomator2","appium:deviceName":"emulator-5554 (sdk_gphone64_x86_64 - Android 13)","appium:fullReset":false,"appium:newCommandTimeout":1800,"appium:noReset":true,"platform":"ANDROID","platformName":"android","appium:platformVersion":"13","appium:systemPort":51831,"appium:udid":"emulator-5554"}]}}[39m
[35m[BaseDriver][39m The following capabilities are not standard capabilities and should have an extension prefix:
[35m[BaseDriver][39m   platform
[35m[BaseDriver][39m   chromedriverPort
[35m[Appium][39m Appium v1.22.3 creating new AndroidUiautomator2Driver (v1.70.1) session
[35m[BaseDriver][39m The following capabilities were provided, but are not recognized by Appium:
[35m[BaseDriver][39m   platform
[35m[BaseDriver][39m Session created with session id: 366150ef-3f16-4677-abf8-33d78b88e051
[35m[BaseDriver][39m Using local app 'C:\Users\warda\Katalon Studio\EduApp\mobileapp\Calculator.apk'
[35m[ADB][39m Found 1 'build-tools' folders under 'C:\Users\warda\.katalon\tools\android_sdk' (newest first):
[35m[ADB][39m     C:/Users/warda/.katalon/tools/android_sdk/build-tools/29.0.3
[35m[ADB][39m Using 'adb.exe' from 'C:\Users\warda\.katalon\tools\android_sdk\platform-tools\adb.exe'
[35m[AndroidDriver][39m Retrieving device list
[35m[AndroidDriver][39m Using device: emulator-5554
[35m[ADB][39m Using 'adb.exe' from 'C:\Users\warda\.katalon\tools\android_sdk\platform-tools\adb.exe'
[35m[ADB][39m Getting device platform version
[35m[UiAutomator2][39m Relaxing hidden api policy
[35m[ADB][39m Package name: 'com.google.android.calculator'
[35m[ADB][39m Main activity name: 'com.android.calculator2.Calculator'
[35m[ADB][39m Using 'apksigner.jar' from 'C:\Users\warda\.katalon\tools\android_sdk\build-tools\29.0.3\lib\apksigner.jar'
[35m[ADB][39m 'C:\Users\warda\AppData\Roaming\npm\node_modules\appium\node_modules\appium-uiautomator2-server\apks\appium-uiautomator2-server-v4.27.0.apk' is signed with the default certificate
[35m[ADB][39m 'C:\Users\warda\AppData\Roaming\npm\node_modules\appium\node_modules\appium-uiautomator2-server\apks\appium-uiautomator2-server-debug-androidTest.apk' is signed with the default certificate
[35m[UiAutomator2][39m Server packages are not going to be (re)installed
[35m[ADB][39m Adding packages ["io.appium.settings","io.appium.uiautomator2.server","io.appium.uiautomator2.server.test"] to Doze whitelist
[35m[ADB][39m 'C:\Users\warda\Katalon Studio\EduApp\mobileapp\Calculator.apk' is signed with a non-default certificate
[35m[ADB][39m The application at 'C:\Users\warda\Katalon Studio\EduApp\mobileapp\Calculator.apk' will not be cached, because the device under test has confirmed the support of streamed installs
[35m[ADB][39m The installation of 'Calculator.apk' took 666ms
[35m[UiAutomator2][39m Starting UIAutomator2 server 4.27.0
[35m[UiAutomator2][39m Using UIAutomator2 server from 'C:\Users\warda\AppData\Roaming\npm\node_modules\appium\node_modules\appium-uiautomator2-server\apks\appium-uiautomator2-server-v4.27.0.apk' and test from 'C:\Users\warda\AppData\Roaming\npm\node_modules\appium\node_modules\appium-uiautomator2-server\apks\appium-uiautomator2-server-debug-androidTest.apk'
[35m[UiAutomator2][39m Waiting up to 30000ms for UiAutomator2 to be online...
[35m[WD Proxy][39m socket hang up
[35m[WD Proxy][39m socket hang up
[35m[WD Proxy][39m Determined the downstream protocol as 'W3C'
[35m[AndroidDriver][39m Screen already unlocked, doing nothing
[35m[UiAutomator2][39m Starting 'com.google.android.calculator/com.android.calculator2.Calculator and waiting for 'com.google.android.calculator/com.android.calculator2.Calculator'
[35m[Appium][39m New AndroidUiautomator2Driver session created successfully, session 366150ef-3f16-4677-abf8-33d78b88e051 added to master session list
[35m[HTTP][39m [37m<-- POST /wd/hub/session [39m[32m200[39m [90m8364 ms - 1336[39m
[35m[HTTP][39m [90m[39m
[35m[HTTP][39m [37m-->[39m [37mGET[39m [37m/wd/hub/session/366150ef-3f16-4677-abf8-33d78b88e051[39m
[35m[HTTP][39m [90m{}[39m
[35m[HTTP][39m [37m<-- GET /wd/hub/session/366150ef-3f16-4677-abf8-33d78b88e051 [39m[32m200[39m [90m27 ms - 1290[39m
[35m[HTTP][39m [90m[39m
[35m[HTTP][39m [37m-->[39m [37mGET[39m [37m/wd/hub/session/366150ef-3f16-4677-abf8-33d78b88e051[39m
[35m[HTTP][39m [90m{}[39m
[35m[HTTP][39m [37m<-- GET /wd/hub/session/366150ef-3f16-4677-abf8-33d78b88e051 [39m[32m200[39m [90m12 ms - 1290[39m
[35m[HTTP][39m [90m[39m
[35m[HTTP][39m [37m-->[39m [37mGET[39m [37m/wd/hub/status[39m
[35m[HTTP][39m [90m{}[39m
[35m[HTTP][39m [37m<-- GET /wd/hub/status [39m[32m200[39m [90m1 ms - 68[39m
[35m[HTTP][39m [90m[39m
[35m[HTTP][39m [37m-->[39m [37mPOST[39m [37m/wd/hub/session/366150ef-3f16-4677-abf8-33d78b88e051/timeouts[39m
[35m[HTTP][39m [90m{"implicit":60000}[39m
[35m[HTTP][39m [37m<-- POST /wd/hub/session/366150ef-3f16-4677-abf8-33d78b88e051/timeouts [39m[32m200[39m [90m2 ms - 14[39m
[35m[HTTP][39m [90m[39m
[35m[HTTP][39m [37m-->[39m [37mGET[39m [37m/wd/hub/session/366150ef-3f16-4677-abf8-33d78b88e051/source[39m
[35m[HTTP][39m [90m{}[39m
[35m[W3C (366150ef)][39m Driver proxy active, passing request on via HTTP proxy
[35m[WD Proxy][39m Replacing sessionId 2efbf1f5-de95-4bac-9851-c8220aa90494 with 366150ef-3f16-4677-abf8-33d78b88e051
[35m[HTTP][39m [37m<-- GET /wd/hub/session/366150ef-3f16-4677-abf8-33d78b88e051/source [39m[32m200[39m [90m984 ms - 19722[39m
[35m[HTTP][39m [90m[39m
[35m[HTTP][39m [37m-->[39m [37mGET[39m [37m/wd/hub/session/366150ef-3f16-4677-abf8-33d78b88e051/screenshot[39m
[35m[HTTP][39m [90m{}[39m
[35m[HTTP][39m [37m<-- GET /wd/hub/session/366150ef-3f16-4677-abf8-33d78b88e051/screenshot [39m[32m200[39m [90m607 ms - 231328[39m
[35m[HTTP][39m [90m[39m
[35m[HTTP][39m [37m-->[39m [37mPOST[39m [37m/wd/hub/session/366150ef-3f16-4677-abf8-33d78b88e051/elements[39m
[35m[HTTP][39m [90m{"using":"xpath","value":"//*[@class = 'android.widget.Button' and (@text = '1' or . = '1') and @resource-id = 'com.google.android.calculator:id/digit_1']"}[39m
[35m[HTTP][39m [37m<-- POST /wd/hub/session/366150ef-3f16-4677-abf8-33d78b88e051/elements [39m[32m200[39m [90m381 ms - 139[39m
[35m[HTTP][39m [90m[39m
[35m[HTTP][39m [37m-->[39m [37mPOST[39m [37m/wd/hub/session/366150ef-3f16-4677-abf8-33d78b88e051/elements[39m
[35m[HTTP][39m [90m{"using":"xpath","value":"//*[@class = 'android.widget.Button' and (@text = '2' or . = '2') and @resource-id = 'com.google.android.calculator:id/digit_2']"}[39m
[35m[HTTP][39m [37m<-- POST /wd/hub/session/366150ef-3f16-4677-abf8-33d78b88e051/elements [39m[32m200[39m [90m74 ms - 139[39m
[35m[HTTP][39m [90m[39m
[35m[HTTP][39m [37m-->[39m [37mPOST[39m [37m/wd/hub/session/366150ef-3f16-4677-abf8-33d78b88e051/elements[39m
[35m[HTTP][39m [90m{"using":"xpath","value":"//*[@class = 'android.widget.Button' and (@text = '9' or . = '9') and @resource-id = 'com.google.android.calculator:id/digit_9']"}[39m
[35m[HTTP][39m [37m<-- POST /wd/hub/session/366150ef-3f16-4677-abf8-33d78b88e051/elements [39m[32m200[39m [90m44 ms - 139[39m
[35m[HTTP][39m [90m[39m
[35m[HTTP][39m [37m-->[39m [37mPOST[39m [37m/wd/hub/session/366150ef-3f16-4677-abf8-33d78b88e051/elements[39m
[35m[HTTP][39m [90m{"using":"xpath","value":"//*[@class = 'android.widget.Button' and (@text = '+' or . = '+') and @resource-id = 'com.google.android.calculator:id/op_add']"}[39m
[35m[HTTP][39m [37m<-- POST /wd/hub/session/366150ef-3f16-4677-abf8-33d78b88e051/elements [39m[32m200[39m [90m43 ms - 139[39m
[35m[HTTP][39m [90m[39m
[35m[HTTP][39m [37m-->[39m [37mPOST[39m [37m/wd/hub/session/366150ef-3f16-4677-abf8-33d78b88e051/elements[39m
[35m[HTTP][39m [90m{"using":"xpath","value":"//*[@class = 'android.widget.Button' and (@text = '5' or . = '5') and @resource-id = 'com.google.android.calculator:id/digit_5']"}[39m
[35m[HTTP][39m [37m<-- POST /wd/hub/session/366150ef-3f16-4677-abf8-33d78b88e051/elements [39m[32m200[39m [90m54 ms - 139[39m
[35m[HTTP][39m [90m[39m
[35m[HTTP][39m [37m-->[39m [37mPOST[39m [37m/wd/hub/session/366150ef-3f16-4677-abf8-33d78b88e051/elements[39m
[35m[HTTP][39m [90m{"using":"xpath","value":"//*[@class = 'android.widget.Button' and (@text = '7' or . = '7') and @resource-id = 'com.google.android.calculator:id/digit_7']"}[39m
[35m[HTTP][39m [37m<-- POST /wd/hub/session/366150ef-3f16-4677-abf8-33d78b88e051/elements [39m[32m200[39m [90m54 ms - 139[39m
[35m[HTTP][39m [90m[39m
[35m[HTTP][39m [37m-->[39m [37mPOST[39m [37m/wd/hub/session/366150ef-3f16-4677-abf8-33d78b88e051/elements[39m
[35m[HTTP][39m [90m{"using":"xpath","value":"//*[@class = 'android.widget.Button' and (@text = '=' or . = '=') and @resource-id = 'com.google.android.calculator:id/eq']"}[39m
[35m[HTTP][39m [37m<-- POST /wd/hub/session/366150ef-3f16-4677-abf8-33d78b88e051/elements [39m[32m200[39m [90m54 ms - 139[39m
[35m[HTTP][39m [90m[39m
[35m[HTTP][39m [37m-->[39m [37mDELETE[39m [37m/wd/hub/session/366150ef-3f16-4677-abf8-33d78b88e051[39m
[35m[HTTP][39m [90m{}[39m
[35m[Appium][39m Removing session 366150ef-3f16-4677-abf8-33d78b88e051 from our master session list
[35m[UiAutomator2][39m Did not get confirmation UiAutomator2 deleteSession worked; Error was: UnknownError: An unknown server-side error occurred while processing the command. Original error: 'DELETE /' cannot be proxied to UiAutomator2 server because the instrumentation process is not running (probably crashed). Check the server log and/or the logcat output for more details
[35m[UiAutomator2][39m Restoring hidden api policy to the device default configuration
[35m[HTTP][39m [37m<-- DELETE /wd/hub/session/366150ef-3f16-4677-abf8-33d78b88e051 [39m[32m200[39m [90m250 ms - 14[39m
[35m[HTTP][39m [90m[39m
